<?xml version="1.0" encoding="UTF-8"?>
<!-- Generated by org.testng.reporters.JUnitXMLReporter -->
<testsuite ignored="0" hostname="Priya" failures="0" tests="1" name="firefoxTest" time="311.725" errors="0" timestamp="2022-11-06T23:50:39 IST">
  <testcase classname="BrowserOpen.HitBrowser" name="@BeforeTest Launchapp" time="131.592">
    <failure type="org.openqa.selenium.WebDriverException" message="unknown error: DevToolsActivePort file doesn&amp;apos;t exist
Build info: version: &amp;apos;3.141.59&amp;apos;, revision: &amp;apos;e82be7d358&amp;apos;, time: &amp;apos;2018-11-14T08:17:03&amp;apos;
System info: host: &amp;apos;PRIYA&amp;apos;, ip: &amp;apos;192.168.1.12&amp;apos;, os.name: &amp;apos;Windows 11&amp;apos;, os.arch: &amp;apos;amd64&amp;apos;, os.version: &amp;apos;10.0&amp;apos;, java.version: &amp;apos;19.0.1&amp;apos;
Driver info: driver.version: ChromeDriver
remote stacktrace: Backtrace:
	Ordinal0 [0x0112ACD3+2075859]
	Ordinal0 [0x010BEE61+1633889]
	Ordinal0 [0x00FBB7BD+571325]
	Ordinal0 [0x00FDD414+709652]
	Ordinal0 [0x00FD9098+692376]
	Ordinal0 [0x00FD6BE9+682985]
	Ordinal0 [0x0100DBD3+908243]
	Ordinal0 [0x0100D6AA+906922]
	Ordinal0 [0x01007136+880950]
	Ordinal0 [0x00FDFEFD+720637]
	Ordinal0 [0x00FE0F3F+724799]
	GetHandleVerifier [0x013DEED2+2769538]
	GetHandleVerifier [0x013D0D95+2711877]
	GetHandleVerifier [0x011BA03A+521194]
	GetHandleVerifier [0x011B8DA0+516432]
	Ordinal0 [0x010C682C+1665068]
	Ordinal0 [0x010CB128+1683752]
	Ordinal0 [0x010CB215+1683989]
	Ordinal0 [0x010D6484+1729668]
	BaseThreadInitThunk [0x76126739+25]
	RtlGetFullPathName_UEx [0x77478FD2+1218]
	RtlGetFullPathName_UEx [0x77478F9D+1165]
">
      <![CDATA[org.openqa.selenium.WebDriverException: unknown error: DevToolsActivePort file doesn't exist
Build info: version: '3.141.59', revision: 'e82be7d358', time: '2018-11-14T08:17:03'
System info: host: 'PRIYA', ip: '192.168.1.12', os.name: 'Windows 11', os.arch: 'amd64', os.version: '10.0', java.version: '19.0.1'
Driver info: driver.version: ChromeDriver
remote stacktrace: Backtrace:
Ordinal0 [0x0112ACD3+2075859]
Ordinal0 [0x010BEE61+1633889]
Ordinal0 [0x00FBB7BD+571325]
Ordinal0 [0x00FDD414+709652]
Ordinal0 [0x00FD9098+692376]
Ordinal0 [0x00FD6BE9+682985]
Ordinal0 [0x0100DBD3+908243]
Ordinal0 [0x0100D6AA+906922]
Ordinal0 [0x01007136+880950]
Ordinal0 [0x00FDFEFD+720637]
Ordinal0 [0x00FE0F3F+724799]
GetHandleVerifier [0x013DEED2+2769538]
GetHandleVerifier [0x013D0D95+2711877]
GetHandleVerifier [0x011BA03A+521194]
GetHandleVerifier [0x011B8DA0+516432]
Ordinal0 [0x010C682C+1665068]
Ordinal0 [0x010CB128+1683752]
Ordinal0 [0x010CB215+1683989]
Ordinal0 [0x010D6484+1729668]
BaseThreadInitThunk [0x76126739+25]
RtlGetFullPathName_UEx [0x77478FD2+1218]
RtlGetFullPathName_UEx [0x77478F9D+1165]

at org.openqa.selenium.remote.W3CHandshakeResponse.lambda$errorHandler$0(W3CHandshakeResponse.java:62)
at org.openqa.selenium.remote.HandshakeResponse.lambda$getResponseFunction$0(HandshakeResponse.java:30)
at org.openqa.selenium.remote.ProtocolHandshake.lambda$createSession$0(ProtocolHandshake.java:126)
at java.base/java.util.stream.ReferencePipeline$3$1.accept(ReferencePipeline.java:197)
at java.base/java.util.Spliterators$ArraySpliterator.tryAdvance(Spliterators.java:1016)
at java.base/java.util.stream.ReferencePipeline.forEachWithCancel(ReferencePipeline.java:129)
at java.base/java.util.stream.AbstractPipeline.copyIntoWithCancel(AbstractPipeline.java:527)
at java.base/java.util.stream.AbstractPipeline.copyInto(AbstractPipeline.java:513)
at java.base/java.util.stream.AbstractPipeline.wrapAndCopyInto(AbstractPipeline.java:499)
at java.base/java.util.stream.FindOps$FindOp.evaluateSequential(FindOps.java:150)
at java.base/java.util.stream.AbstractPipeline.evaluate(AbstractPipeline.java:234)
at java.base/java.util.stream.ReferencePipeline.findFirst(ReferencePipeline.java:647)
at org.openqa.selenium.remote.ProtocolHandshake.createSession(ProtocolHandshake.java:128)
at org.openqa.selenium.remote.ProtocolHandshake.createSession(ProtocolHandshake.java:74)
at org.openqa.selenium.remote.HttpCommandExecutor.execute(HttpCommandExecutor.java:136)
at org.openqa.selenium.remote.service.DriverCommandExecutor.execute(DriverCommandExecutor.java:83)
at org.openqa.selenium.remote.RemoteWebDriver.execute(RemoteWebDriver.java:552)
at org.openqa.selenium.remote.RemoteWebDriver.startSession(RemoteWebDriver.java:213)
at org.openqa.selenium.remote.RemoteWebDriver.<init>(RemoteWebDriver.java:131)
at org.openqa.selenium.chrome.ChromeDriver.<init>(ChromeDriver.java:181)
at org.openqa.selenium.chrome.ChromeDriver.<init>(ChromeDriver.java:168)
at org.openqa.selenium.chrome.ChromeDriver.<init>(ChromeDriver.java:123)
at BrowserOpen.HitBrowser.Launchapp(HitBrowser.java:36)
at java.base/java.util.concurrent.FutureTask.run(FutureTask.java:317)
at java.base/java.util.concurrent.ThreadPoolExecutor.runWorker(ThreadPoolExecutor.java:1144)
at java.base/java.util.concurrent.ThreadPoolExecutor$Worker.run(ThreadPoolExecutor.java:642)
at java.base/java.lang.Thread.run(Thread.java:1589)
... Removed 16 stack frames]]>
    </failure>
  </testcase> <!-- @BeforeTest Launchapp -->
  <testcase classname="BrowserOpen.HitBrowser" name="@AfterTest afterClass" time="-1.66775865888E9">
    <skipped/>
  </testcase> <!-- @AfterTest afterClass -->
  <testcase classname="BrowserOpen.HitBrowser" name="f" time="0.004"/>
</testsuite> <!-- firefoxTest -->
