<?xml version="1.0" encoding="UTF-8"?>
<!-- Generated by org.testng.reporters.JUnitXMLReporter -->
<testsuite ignored="0" hostname="Priya" failures="0" tests="1" name="Test" time="0.802" errors="0" timestamp="2022-11-05T18:53:07 IST">
  <testcase classname="BrowserOpen.HitBrowser" name="@BeforeClass ChromeClass" time="0.675">
    <failure type="java.lang.IllegalStateException" message="The driver executable does not exist: C:\Users\priya\eclipse-workspace\FlipkartAutomationProject\driver\chromedriver.exe">
      <![CDATA[java.lang.IllegalStateException: The driver executable does not exist: C:\Users\priya\eclipse-workspace\FlipkartAutomationProject\driver\chromedriver.exe
at com.google.common.base.Preconditions.checkState(Preconditions.java:585)
at org.openqa.selenium.remote.service.DriverService.checkExecutable(DriverService.java:146)
at org.openqa.selenium.remote.service.DriverService.findExecutable(DriverService.java:141)
at org.openqa.selenium.chrome.ChromeDriverService.access$000(ChromeDriverService.java:35)
at org.openqa.selenium.chrome.ChromeDriverService$Builder.findDefaultExecutable(ChromeDriverService.java:159)
at org.openqa.selenium.remote.service.DriverService$Builder.build(DriverService.java:355)
at org.openqa.selenium.chrome.ChromeDriverService.createDefaultService(ChromeDriverService.java:94)
at org.openqa.selenium.chrome.ChromeDriver.<init>(ChromeDriver.java:123)
at BrowserOpen.HitBrowser.ChromeClass(HitBrowser.java:24)
at java.base/java.util.ArrayList.forEach(ArrayList.java:1511)
... Removed 23 stack frames]]>
    </failure>
  </testcase> <!-- @BeforeClass ChromeClass -->
  <testcase classname="BrowserOpen.HitBrowser" name="@BeforeClass FirefoxClass" time="-1.667654587225E9">
    <skipped/>
  </testcase> <!-- @BeforeClass FirefoxClass -->
  <testcase classname="BrowserOpen.HitBrowser" name="@AfterClass afterClass" time="-1.667654587245E9">
    <skipped/>
  </testcase> <!-- @AfterClass afterClass -->
  <testcase classname="BrowserOpen.HitBrowser" name="f" time="0.0">
    <skipped/>
  </testcase> <!-- f -->
</testsuite> <!-- Test -->
